<?xml version="1.0" encoding="UTF-8"?>
<testng-results ignored="0" total="6" passed="6" failed="0" skipped="0">
  <reporter-output>
  </reporter-output>
  <suite started-at="2021-11-18T19:13:10Z" name="Suite" finished-at="2021-11-18T19:13:11Z" duration-ms="1264">
    <groups>
    </groups>
    <test started-at="2021-11-18T19:13:10Z" name="Test" finished-at="2021-11-18T19:13:11Z" duration-ms="1264">
      <class name="org.tesing.testscripts.TC5_PutRequest">
        <test-method signature="testcase5()[pri:0, instance:org.tesing.testscripts.TC5_PutRequest@4278284b]" started-at="2021-11-19T00:43:11Z" name="testcase5" finished-at="2021-11-19T00:43:11Z" duration-ms="31" status="PASS">
          <reporter-output>
          </reporter-output>
        </test-method> <!-- testcase5 -->
      </class> <!-- org.tesing.testscripts.TC5_PutRequest -->
      <class name="org.tesing.testscripts.TC4_GetAll_FetchID">
        <test-method signature="testcase4()[pri:0, instance:org.tesing.testscripts.TC4_GetAll_FetchID@75d2da2d]" started-at="2021-11-19T00:43:11Z" name="testcase4" finished-at="2021-11-19T00:43:11Z" duration-ms="17" status="PASS">
          <reporter-output>
          </reporter-output>
        </test-method> <!-- testcase4 -->
      </class> <!-- org.tesing.testscripts.TC4_GetAll_FetchID -->
      <class name="org.tesing.testscripts.TC2_GetRequest">
        <test-method signature="testcase2()[pri:0, instance:org.tesing.testscripts.TC2_GetRequest@302f7971]" started-at="2021-11-19T00:43:11Z" name="testcase2" finished-at="2021-11-19T00:43:11Z" duration-ms="23" status="PASS">
          <reporter-output>
          </reporter-output>
        </test-method> <!-- testcase2 -->
      </class> <!-- org.tesing.testscripts.TC2_GetRequest -->
      <class name="org.tesing.testscripts.TC1_PostRequest">
        <test-method signature="firstTC()[pri:0, instance:org.tesing.testscripts.TC1_PostRequest@418c5a9c]" started-at="2021-11-19T00:43:10Z" name="firstTC" finished-at="2021-11-19T00:43:11Z" duration-ms="1146" status="PASS">
          <reporter-output>
          </reporter-output>
        </test-method> <!-- firstTC -->
      </class> <!-- org.tesing.testscripts.TC1_PostRequest -->
      <class name="org.tesing.testscripts.TC3_GetAll">
        <test-method signature="testcase3()[pri:0, instance:org.tesing.testscripts.TC3_GetAll@332729ad]" started-at="2021-11-19T00:43:11Z" name="testcase3" finished-at="2021-11-19T00:43:11Z" duration-ms="15" status="PASS">
          <reporter-output>
          </reporter-output>
        </test-method> <!-- testcase3 -->
      </class> <!-- org.tesing.testscripts.TC3_GetAll -->
      <class name="org.tesing.testscripts.TC6_DeleteRequest">
        <test-method signature="DeleteRequest()[pri:0, instance:org.tesing.testscripts.TC6_DeleteRequest@9573584]" started-at="2021-11-19T00:43:11Z" name="DeleteRequest" finished-at="2021-11-19T00:43:11Z" duration-ms="15" status="PASS">
          <reporter-output>
          </reporter-output>
        </test-method> <!-- DeleteRequest -->
      </class> <!-- org.tesing.testscripts.TC6_DeleteRequest -->
    </test> <!-- Test -->
  </suite> <!-- Suite -->
</testng-results>
