<?xml version="1.0" encoding="UTF-8"?>
<!-- Generated by org.testng.reporters.JUnitXMLReporter -->
<testsuite ignored="0" hostname="Anirudhs-MacBook-Pro.local" failures="0" tests="6" name="Test" time="1.264" errors="0" timestamp="18 Nov 2021 19:13:11 GMT">
  <testcase classname="org.tesing.testscripts.TC1_PostRequest" name="firstTC" time="1.146"/>
  <testcase classname="org.tesing.testscripts.TC2_GetRequest" name="testcase2" time="0.023"/>
  <testcase classname="org.tesing.testscripts.TC3_GetAll" name="testcase3" time="0.015"/>
  <testcase classname="org.tesing.testscripts.TC4_GetAll_FetchID" name="testcase4" time="0.017"/>
  <testcase classname="org.tesing.testscripts.TC5_PutRequest" name="testcase5" time="0.031"/>
  <testcase classname="org.tesing.testscripts.TC6_DeleteRequest" name="DeleteRequest" time="0.015"/>
</testsuite> <!-- Test -->
